[Downloads] Compressing...
[Downloads] Compression finished!
[Downloads.test.part01.rar] Upload complete!
[Downloads.test.part02.rar] Upload complete!
[Downloads.test.part03.rar] Upload complete!
[Downloads.test.part04.rar] Upload complete!
[Downloads.test.part05.rar] Upload complete!
[Downloads.test.part06.rar] Upload complete!
[Downloads.test.part07.rar] Upload complete!
[Downloads.test.part08.rar] Upload complete!
[Downloads.test.part09.rar] Upload complete!
[Downloads.test.part10.rar] Upload complete!
[Downloads.test.part01.rar] Upload complete!
[Downloads.test.part11.rar] Upload complete!
[Downloads.test.part01.rar] Upload complete!
[Downloads.test.part12.rar] Upload complete!
[Downloads.test.part01.rar] Upload complete!
[Downloads.test.part13.rar] Upload complete!
[Downloads.test.part01.rar] Upload complete!
[Downloads.test.part14.rar] Upload complete!
[Downloads.test.part01.rar] Upload complete!
[Downloads.test.part15.rar] Upload complete!
[Downloads.test.part01.rar] Upload complete!
[Downloads.test.part16.rar] Upload complete!
[Downloads.test.part01.rar] Upload complete!
[Downloads.test.part17.rar] Upload complete!
[Downloads.test.part01.rar] Upload complete!
[Downloads.test.part18.rar] Upload complete!
[Downloads.test.part01.rar] Upload complete!
[Downloads.test.part19.rar] Upload complete!
[Downloads.test.part01.rar] Upload complete!
[Downloads.test.part02.rar] Upload complete!
[Downloads.test.part20.rar] Upload complete!
[Downloads.test.part21.rar] Upload complete!
[Downloads.test.part02.rar] Upload complete!
[Downloads.test.part22.rar] Upload complete!
[Downloads.test.part02.rar] Upload complete!
[Downloads.test.part23.rar] Upload complete!
[Downloads.test.part02.rar] Upload complete!
[Downloads.test.part02.rar] Upload complete!
[Downloads.test.part24.rar] Upload complete!
[Downloads.test.part02.rar] Upload complete!
[Downloads.test.part25.rar] Upload complete!
[Downloads.test.part26.rar] Upload complete!
[Downloads.test.part02.rar] Upload complete!
[Downloads.test.part02.rar] Upload complete!
[Downloads.test.part27.rar] Upload complete!
[Downloads.test.part02.rar] Upload complete!
[Downloads.test.part28.rar] Upload complete!
[Downloads.test.part02.rar] Upload complete!
[Downloads.test.part29.rar] Upload complete!
[Downloads.test.part03.rar] Upload complete!
[Downloads.test.part30.rar] Upload complete!
[Downloads.test.part31.rar] Upload complete!
[Downloads.test.part03.rar] Upload complete!
[Downloads.test.part32.rar] Upload complete!
[Downloads.test.part03.rar] Upload complete!
[Downloads.test.part33.rar] Upload complete!
[Downloads.test.part03.rar] Upload complete!
[Downloads.test.part03.rar] Upload complete!
[Downloads.test.part34.rar] Upload complete!
[Downloads.test.part35.rar] Upload complete!
[Downloads.test.part03.rar] Upload complete!
[Downloads.test.part03.rar] Upload complete!
[Downloads.test.part36.rar] Upload complete!
[Downloads.test.part37.rar] Upload complete!
[Downloads.test.part03.rar] Upload complete!
[Downloads.test.part38.rar] Upload complete!
[Downloads.test.part03.rar] Upload complete!
[Downloads.test.part39.rar] Upload complete!
[Downloads.test.part03.rar] Upload complete!
[Downloads.test.part04.rar] Upload complete!
[Downloads.test.part40.rar] Upload complete!
[Downloads.test.part04.rar] Upload complete!
[Downloads.test.part41.rar] Upload complete!
[Downloads.test.part42.rar] Upload complete!
[Downloads.test.part04.rar] Upload complete!
[Downloads.test.part43.rar] Upload complete!
[Downloads.test.part04.rar] Upload complete!
[Downloads.test.part04.rar] Upload complete!
[Downloads.test.part44.rar] Upload complete!
[Downloads.test.part45.rar] Upload complete!
[Downloads.test.part04.rar] Upload complete!
[Downloads.test.part46.rar] Upload complete!
[Downloads.test.part04.rar] Upload complete!
[Downloads.test.part04.rar] Upload complete!
[Downloads.test.part47.rar] Upload complete!
[Downloads.test.part04.rar] Upload complete!
[Downloads.test.part48.rar] Upload complete!
[Downloads.test.part04.rar] Upload complete!
[Downloads.test.part49.rar] Upload complete!
[Downloads.test.part50.rar] Upload complete!
[Downloads.test.part05.rar] Upload complete!
[Downloads.test.part51.rar] Upload complete!
[Downloads.test.part05.rar] Upload complete!
[Downloads.test.part52.rar] Upload complete!
[Downloads.test.part05.rar] Upload complete!
[Downloads.test.part53.rar] Upload complete!
[Downloads.test.part05.rar] Upload complete!
[Downloads.test.part54.rar] Upload complete!
[Downloads.test.part05.rar] Upload complete!
[Downloads.test.part55.rar] Upload complete!
[Downloads.test.part05.rar] Upload complete!
[Downloads.test.part56.rar] Upload complete!
[Downloads.test.part05.rar] Upload complete!
[Downloads.test.part57.rar] Upload complete!
[Downloads.test.part05.rar] Upload complete!
[Downloads.test.part58.rar] Upload complete!
[Downloads.test.part05.rar] Upload complete!
[Downloads.test.part59.rar] Upload complete!
[Downloads.test.part05.rar] Upload complete!
[Downloads.test.part60.rar] Upload complete!
[Downloads.test.part06.rar] Upload complete!
[Downloads.test.part61.rar] Upload complete!
[Downloads.test.part06.rar] Upload complete!
[Downloads.test.part62.rar] Upload complete!
[Downloads.test.part06.rar] Upload complete!
[Downloads.test.part63.rar] Upload complete!
[Downloads.test.part06.rar] Upload complete!
[Downloads.test.part64.rar] Upload complete!
[Downloads.test.part06.rar] Upload complete!
[Downloads.test.part65.rar] Upload complete!
[Downloads.test.part06.rar] Upload complete!
[Downloads.test.part66.rar] Upload complete!
[Downloads.test.part06.rar] Upload complete!
[Downloads.test.part06.rar] Upload complete!
[Downloads.test.part67.rar] Upload complete!
[Downloads.test.part68.rar] Upload complete!
[Downloads.test.part06.rar] Upload complete!
[Downloads.test.part69.rar] Upload complete!
[Downloads.test.part06.rar] Upload complete!
[Downloads.test.part70.rar] Upload complete!
[Downloads.test.part07.rar] Upload complete!
[Downloads.test.part71.rar] Upload complete!
[Downloads.test.part07.rar] Upload complete!
[Downloads.test.part72.rar] Upload complete!
[Downloads.test.part07.rar] Upload complete!
[Downloads.test.part07.rar] Upload complete!
[Downloads.test.part07.rar] Upload complete!
[Downloads.test.part73.rar] Upload complete!
[Downloads.test.part74.rar] Upload complete!
[Downloads.test.part75.rar] Upload complete!
[Downloads.test.part07.rar] Upload complete!
[Downloads.test.part07.rar] Upload complete!
[Downloads.test.part76.rar] Upload complete!
[Downloads.test.part07.rar] Upload complete!
[Downloads.test.part77.rar] Upload complete!
[Downloads.test.part07.rar] Upload complete!
[Downloads.test.part78.rar] Upload complete!
[Dropbox] Compressing...
Waiting 10s for rar to start and change first file...
[Dropbox.test.part0100.rar] Upload complete!
[Dropbox.test.part0101.rar] Upload complete!
[Dropbox.test.part0102.rar] Upload complete!
[Dropbox.test.part0103.rar] Upload complete!
[Dropbox.test.part0104.rar] Upload complete!
[Dropbox.test.part0105.rar] Upload complete!
[Dropbox.test.part0106.rar] Upload complete!
[Dropbox.test.part0107.rar] Upload complete!
[Dropbox.test.part0108.rar] Upload complete!
[Dropbox.test.part0109.rar] Upload complete!
[Dropbox.test.part0110.rar] Upload complete!
[Dropbox.test.part0111.rar] Upload complete!
[Dropbox.test.part0112.rar] Upload complete!
[Dropbox.test.part0113.rar] Upload complete!
[Dropbox.test.part0114.rar] Upload complete!
[Dropbox.test.part0115.rar] Upload complete!
[Dropbox.test.part0116.rar] Upload complete!
[Dropbox.test.part0117.rar] Upload complete!
[Dropbox.test.part0118.rar] Upload complete!
[Dropbox.test.part0119.rar] Upload complete!
[Dropbox.test.part0120.rar] Upload complete!
[Dropbox.test.part0121.rar] Upload complete!
[Dropbox.test.part0122.rar] Upload complete!
[Dropbox.test.part0123.rar] Upload complete!
[Dropbox.test.part0124.rar] Upload complete!
[Dropbox.test.part0125.rar] Upload complete!
[Dropbox.test.part0126.rar] Upload complete!
[Dropbox.test.part0127.rar] Upload complete!
[Dropbox.test.part0128.rar] Upload complete!
[Dropbox.test.part0129.rar] Upload complete!
[Dropbox.test.part0130.rar] Upload complete!
[Dropbox.test.part0131.rar] Upload complete!
[Dropbox.test.part0132.rar] Upload complete!
[Dropbox.test.part0133.rar] Upload complete!
[Dropbox.test.part0134.rar] Upload complete!
[Dropbox.test.part0135.rar] Upload complete!
[Dropbox.test.part0136.rar] Upload complete!
[Dropbox.test.part0137.rar] Upload complete!
[Dropbox.test.part0138.rar] Upload complete!
[Dropbox.test.part0139.rar] Upload complete!
[Dropbox.test.part0140.rar] Upload complete!
[Dropbox.test.part0141.rar] Upload complete!
[Dropbox.test.part0142.rar] Upload complete!
[Dropbox.test.part0143.rar] Upload complete!
[Dropbox.test.part0144.rar] Upload complete!
[Dropbox.test.part0145.rar] Upload complete!
[Dropbox.test.part0146.rar] Upload complete!
[Dropbox.test.part0147.rar] Upload complete!
[Dropbox.test.part0148.rar] Upload complete!
[Dropbox.test.part0149.rar] Upload complete!
[Dropbox.test.part0150.rar] Upload complete!
[Dropbox.test.part0151.rar] Upload complete!
[Dropbox.test.part0152.rar] Upload complete!
[Dropbox.test.part0153.rar] Upload complete!
[Dropbox.test.part0154.rar] Upload complete!
[Dropbox.test.part0155.rar] Upload complete!
[Dropbox.test.part0156.rar] Upload complete!
[Dropbox.test.part0157.rar] Upload complete!
[Dropbox.test.part0158.rar] Upload complete!
[Dropbox.test.part0159.rar] Upload complete!
[Dropbox.test.part0160.rar] Upload complete!
[Dropbox.test.part0161.rar] Upload complete!
[Dropbox.test.part0162.rar] Upload complete!
[Dropbox.test.part0163.rar] Upload complete!
[Dropbox.test.part0164.rar] Upload complete!
[Dropbox.test.part0165.rar] Upload complete!
[Dropbox.test.part0166.rar] Upload complete!
[Dropbox.test.part0167.rar] Upload complete!
[Dropbox.test.part0168.rar] Upload complete!
[Dropbox.test.part0169.rar] Upload complete!
[Dropbox.test.part0170.rar] Upload complete!
[Dropbox.test.part0171.rar] Upload complete!
[Dropbox.test.part0172.rar] Upload complete!
[Dropbox.test.part0173.rar] Upload complete!
[Dropbox.test.part0174.rar] Upload complete!
[Dropbox.test.part0175.rar] Upload complete!
[Dropbox.test.part0176.rar] Upload complete!
[Dropbox.test.part0177.rar] Upload complete!
[Dropbox.test.part0178.rar] Upload complete!
[Dropbox.test.part0179.rar] Upload complete!
[Dropbox.test.part0180.rar] Upload complete!
[Dropbox.test.part0181.rar] Upload complete!
[Dropbox.test.part0182.rar] Upload complete!
[Dropbox.test.part0183.rar] Upload complete!
[Dropbox.test.part0184.rar] Upload complete!
[Dropbox.test.part0185.rar] Upload complete!
[Dropbox.test.part0186.rar] Upload complete!
[Dropbox.test.part0187.rar] Upload complete!
[Dropbox.test.part0188.rar] Upload complete!
[Dropbox.test.part0189.rar] Upload complete!
[Dropbox.test.part0190.rar] Upload complete!
[Dropbox.test.part0191.rar] Upload complete!
[Dropbox.test.part0192.rar] Upload complete!
[Dropbox.test.part0193.rar] Upload complete!
[Dropbox.test.part0194.rar] Upload complete!
[Dropbox.test.part0195.rar] Upload complete!
[Dropbox.test.part0196.rar] Upload complete!
[Dropbox.test.part0197.rar] Upload complete!
[Dropbox.test.part0198.rar] Upload complete!
[Dropbox.test.part0199.rar] Upload complete!
[Dropbox.test.part0200.rar] Upload complete!
[Dropbox.test.part0201.rar] Upload complete!
[Dropbox.test.part0202.rar] Upload complete!
[Dropbox.test.part0203.rar] Upload complete!
[Dropbox.test.part0204.rar] Upload complete!
[Dropbox.test.part0205.rar] Upload complete!
[Dropbox.test.part0206.rar] Upload complete!
[Dropbox.test.part0207.rar] Upload complete!
[Dropbox.test.part0208.rar] Upload complete!
[Dropbox.test.part0209.rar] Upload complete!
[Dropbox.test.part0210.rar] Upload complete!
[Dropbox.test.part0211.rar] Upload complete!
[Dropbox.test.part0212.rar] Upload complete!
[Dropbox.test.part0213.rar] Upload complete!
[Dropbox.test.part0214.rar] Upload complete!
[Dropbox.test.part0215.rar] Upload complete!
[Dropbox.test.part0216.rar] Upload complete!
[Dropbox.test.part0217.rar] Upload complete!
[Dropbox.test.part0218.rar] Upload complete!
[Dropbox.test.part0219.rar] Upload complete!
[Dropbox.test.part0220.rar] Upload complete!
[Dropbox.test.part0221.rar] Upload complete!
[Dropbox.test.part0222.rar] Upload complete!
[Dropbox.test.part0223.rar] Upload complete!
[Dropbox.test.part0224.rar] Upload complete!
[Dropbox.test.part0225.rar] Upload complete!
[Dropbox.test.part0226.rar] Upload complete!
[Dropbox.test.part0227.rar] Upload complete!
[Dropbox.test.part0228.rar] Upload complete!
[Dropbox.test.part0229.rar] Upload complete!
[Dropbox.test.part0230.rar] Upload complete!
[Dropbox.test.part0231.rar] Upload complete!
[Dropbox.test.part0232.rar] Upload complete!
[Dropbox.test.part0233.rar] Upload complete!
[Dropbox.test.part0234.rar] Upload complete!
[Dropbox.test.part0235.rar] Upload complete!
[Dropbox.test.part0236.rar] Upload complete!
[Dropbox.test.part0237.rar] Upload complete!
[Dropbox.test.part0238.rar] Upload complete!
[Dropbox.test.part0239.rar] Upload complete!
[Dropbox.test.part0240.rar] Upload complete!
[Dropbox.test.part0241.rar] Upload complete!
[Dropbox.test.part0242.rar] Upload complete!
[Dropbox.test.part0243.rar] Upload complete!
[Dropbox.test.part0244.rar] Upload complete!
[Dropbox.test.part0245.rar] Upload complete!
[Dropbox.test.part0246.rar] Upload complete!
[Dropbox.test.part0247.rar] Upload complete!
[Dropbox.test.part0248.rar] Upload complete!
[Dropbox.test.part0249.rar] Upload complete!
[Dropbox.test.part0250.rar] Upload complete!
[Dropbox.test.part0251.rar] Upload complete!
[Dropbox.test.part0252.rar] Upload complete!
[Dropbox.test.part0253.rar] Upload complete!
[Dropbox.test.part0254.rar] Upload complete!
[Dropbox.test.part0255.rar] Upload complete!
[Dropbox.test.part0256.rar] Upload complete!
[Dropbox.test.part0257.rar] Upload complete!
[Dropbox.test.part0258.rar] Upload complete!
[Dropbox.test.part0259.rar] Upload complete!
[Dropbox.test.part0260.rar] Upload complete!
[Dropbox.test.part0261.rar] Upload complete!
[Dropbox.test.part0262.rar] Upload complete!
[Dropbox.test.part0263.rar] Upload complete!
[Dropbox.test.part0264.rar] Upload complete!
[Dropbox.test.part0265.rar] Upload complete!
[Dropbox.test.part0266.rar] Upload complete!
[Dropbox.test.part0267.rar] Upload complete!
[Dropbox.test.part0268.rar] Upload complete!
[Dropbox.test.part0269.rar] Upload complete!
[Dropbox.test.part0270.rar] Upload complete!
[Dropbox.test.part0271.rar] Upload complete!
[Dropbox.test.part0272.rar] Upload complete!
[Dropbox.test.part0273.rar] Upload complete!
[Dropbox.test.part0274.rar] Upload complete!
[Dropbox.test.part0275.rar] Upload complete!
[Dropbox.test.part0276.rar] Upload complete!
[Dropbox.test.part0277.rar] Upload complete!
[Dropbox.test.part0278.rar] Upload complete!
[Dropbox.test.part0279.rar] Upload complete!
[Dropbox.test.part0280.rar] Upload complete!
[Dropbox.test.part0281.rar] Upload complete!
[Dropbox.test.part0282.rar] Upload complete!
[Dropbox.test.part0283.rar] Upload complete!
[Dropbox.test.part0284.rar] Upload complete!
[Dropbox.test.part0285.rar] Upload complete!
[Dropbox.test.part0286.rar] Upload complete!
[Dropbox.test.part0287.rar] Upload complete!
[Dropbox.test.part0288.rar] Upload complete!
[Dropbox.test.part0289.rar] Upload complete!
[Dropbox.test.part0290.rar] Upload complete!
[Dropbox.test.part0291.rar] Upload complete!
[Dropbox.test.part0292.rar] Upload complete!
[Dropbox.test.part0293.rar] Upload complete!
[Dropbox.test.part0294.rar] Upload complete!
[Dropbox.test.part0295.rar] Upload complete!
[Dropbox.test.part0296.rar] Upload complete!
[Dropbox.test.part0297.rar] Upload complete!
[Dropbox.test.part0298.rar] Upload complete!
[Dropbox.test.part0299.rar] Upload complete!
[Dropbox.test.part0300.rar] Upload complete!
[Dropbox.test.part0301.rar] Upload complete!
[Dropbox.test.part0302.rar] Upload complete!
[Dropbox.test.part0303.rar] Upload complete!
[Dropbox.test.part0304.rar] Upload complete!
[Dropbox.test.part0305.rar] Upload complete!
[Dropbox.test.part0306.rar] Upload complete!
[Dropbox.test.part0307.rar] Upload complete!
[Dropbox.test.part0308.rar] Upload complete!
[Dropbox.test.part0309.rar] Upload complete!
[Dropbox.test.part0310.rar] Upload complete!
[Dropbox.test.part0311.rar] Upload complete!
[Dropbox.test.part0312.rar] Upload complete!
[Dropbox.test.part0313.rar] Upload complete!
[Dropbox.test.part0314.rar] Upload complete!
[Dropbox.test.part0315.rar] Upload complete!
[Dropbox.test.part0316.rar] Upload complete!
[Dropbox.test.part0317.rar] Upload complete!
[Dropbox.test.part0318.rar] Upload complete!
[Dropbox.test.part0319.rar] Upload complete!
[Dropbox.test.part0320.rar] Upload complete!
[Dropbox.test.part0321.rar] Upload complete!
[Dropbox.test.part0322.rar] Upload complete!
[Dropbox.test.part0323.rar] Upload complete!
[Dropbox.test.part0324.rar] Upload complete!
[Dropbox.test.part0325.rar] Upload complete!
[Dropbox.test.part0326.rar] Upload complete!
[Dropbox.test.part0327.rar] Upload complete!
[Dropbox.test.part0328.rar] Upload complete!
[Dropbox.test.part0329.rar] Upload complete!
[Dropbox.test.part0330.rar] Upload complete!
[Dropbox.test.part0331.rar] Upload complete!
[Dropbox.test.part0332.rar] Upload complete!
[Dropbox.test.part0333.rar] Upload complete!
[Dropbox.test.part0334.rar] Upload complete!
[Dropbox.test.part0335.rar] Upload complete!
[Dropbox.test.part0336.rar] Upload complete!
[Dropbox.test.part0337.rar] Upload complete!
[Dropbox.test.part0338.rar] Upload complete!
[Dropbox.test.part0339.rar] Upload complete!
[Dropbox.test.part0340.rar] Upload complete!
[Dropbox.test.part0341.rar] Upload complete!
[Dropbox.test.part0342.rar] Upload complete!
[Dropbox.test.part0343.rar] Upload complete!
[Dropbox.test.part0344.rar] Upload complete!
[Dropbox.test.part0345.rar] Upload complete!
[Dropbox.test.part0346.rar] Upload complete!
[Dropbox.test.part0347.rar] Upload complete!
[Dropbox.test.part0348.rar] Upload complete!
[Dropbox.test.part0349.rar] Upload complete!
[Dropbox.test.part0350.rar] Upload complete!
[Dropbox.test.part0351.rar] Upload complete!
[Dropbox.test.part0352.rar] Upload complete!
[Dropbox.test.part0353.rar] Upload complete!
[Dropbox.test.part0354.rar] Upload complete!
[Dropbox.test.part0355.rar] Upload complete!
[Dropbox.test.part0356.rar] Upload complete!
[Dropbox.test.part0357.rar] Upload complete!
[Dropbox.test.part0358.rar] Upload complete!
[Dropbox.test.part0359.rar] Upload complete!
[Dropbox.test.part0360.rar] Upload complete!
[Dropbox.test.part0361.rar] Upload complete!
[Dropbox.test.part0362.rar] Upload complete!
[Dropbox.test.part0363.rar] Upload complete!
[Dropbox.test.part0364.rar] Upload complete!
[Dropbox.test.part0365.rar] Upload complete!
[Dropbox.test.part0366.rar] Upload complete!
[Dropbox.test.part0367.rar] Upload complete!
[Dropbox.test.part0368.rar] Upload complete!
[Dropbox.test.part0369.rar] Upload complete!
[Dropbox.test.part0370.rar] Upload complete!
[Dropbox.test.part0371.rar] Upload complete!
[Dropbox.test.part0372.rar] Upload complete!
[Dropbox.test.part0373.rar] Upload complete!
[Dropbox.test.part0374.rar] Upload complete!
[Dropbox.test.part0375.rar] Upload complete!
[Dropbox.test.part0376.rar] Upload complete!
[Dropbox.test.part0377.rar] Upload complete!
[Dropbox.test.part0378.rar] Upload complete!
[Dropbox.test.part0379.rar] Upload complete!
[Dropbox.test.part0380.rar] Upload complete!
[Dropbox.test.part0381.rar] Upload complete!
[Dropbox] Compressing...
Waiting 10s for rar to start and change first file...
[Dropbox] Compressing...
Waiting 10s for rar to start and change first file...
[Dropbox.test.part01.rar] Upload complete!
[Dropbox.test.part02.rar] Upload complete!
[Dropbox.test.part03.rar] Upload complete!
[Dropbox.test.part04.rar] Upload complete!
[Dropbox.test.part05.rar] Upload complete!
[Dropbox.test.part06.rar] Upload complete!
[Dropbox.test.part07.rar] Upload complete!
[Dropbox.test.part08.rar] Upload complete!
[Dropbox.test.part09.rar] Upload complete!
[Dropbox.test.part10.rar] Upload complete!
[Dropbox.test.part01.rar] Upload complete!
[Dropbox.test.part01.rar] Upload complete!
[Dropbox.test.part11.rar] Upload complete!
[Dropbox.test.part12.rar] Upload complete!
[Dropbox.test.part01.rar] Upload complete!
[Dropbox.test.part01.rar] Upload complete!
[Dropbox.test.part13.rar] Upload complete!
[Dropbox.test.part01.rar] Upload complete!
[Dropbox.test.part14.rar] Upload complete!
[Dropbox.test.part15.rar] Upload complete!
[Dropbox.test.part01.rar] Upload complete!
[Dropbox.test.part16.rar] Upload complete!
[Dropbox.test.part01.rar] Upload complete!
[Dropbox.test.part17.rar] Upload complete!
[Dropbox.test.part01.rar] Upload complete!
[Dropbox.test.part01.rar] Upload complete!
[Dropbox.test.part18.rar] Upload complete!
[Dropbox.test.part19.rar] Upload complete!
[Dropbox.test.part01.rar] Upload complete!
[Dropbox.test.part02.rar] Upload complete!
[Dropbox.test.part20.rar] Upload complete!
[Dropbox.test.part02.rar] Upload complete!
[Dropbox.test.part21.rar] Upload complete!
[Dropbox.test.part02.rar] Upload complete!
[Dropbox.test.part22.rar] Upload complete!
[Dropbox.test.part23.rar] Upload complete!
[Dropbox.test.part02.rar] Upload complete!
[Dropbox.test.part24.rar] Upload complete!
[Dropbox.test.part02.rar] Upload complete!
[Dropbox.test.part02.rar] Upload complete!
[Dropbox.test.part25.rar] Upload complete!
[Dropbox.test.part02.rar] Upload complete!
[Dropbox.test.part26.rar] Upload complete!
[Dropbox.test.part02.rar] Upload complete!
[Dropbox.test.part27.rar] Upload complete!
[Dropbox.test.part02.rar] Upload complete!
[Dropbox.test.part28.rar] Upload complete!
[Dropbox.test.part02.rar] Upload complete!
[Dropbox.test.part29.rar] Upload complete!
[Dropbox.test.part03.rar] Upload complete!
[Dropbox.test.part30.rar] Upload complete!
[Dropbox.test.part03.rar] Upload complete!
[Dropbox.test.part31.rar] Upload complete!
[Dropbox.test.part03.rar] Upload complete!
[Dropbox.test.part32.rar] Upload complete!
[Dropbox.test.part03.rar] Upload complete!
[Dropbox.test.part33.rar] Upload complete!
[Dropbox.test.part03.rar] Upload complete!
[Dropbox.test.part34.rar] Upload complete!
[Dropbox.test.part03.rar] Upload complete!
[Dropbox.test.part35.rar] Upload complete!
[Dropbox.test.part36.rar] Upload complete!
[Dropbox.test.part03.rar] Upload complete!
[Dropbox.test.part03.rar] Upload complete!
[Dropbox.test.part37.rar] Upload complete!
[Dropbox.test.part03.rar] Upload complete!
[Dropbox.test.part38.rar] Upload complete!
[Dropbox.test.part39.rar] Upload complete!
[Dropbox.test.part03.rar] Upload complete!
[Dropbox.test.part04.rar] Upload complete!
[Dropbox.test.part40.rar] Upload complete!
[Dropbox.test.part04.rar] Upload complete!
[Dropbox.test.part41.rar] Upload complete!
[Dropbox.test.part04.rar] Upload complete!
[Dropbox.test.part42.rar] Upload complete!
[Dropbox.test.part43.rar] Upload complete!
[Dropbox.test.part04.rar] Upload complete!
[Dropbox.test.part04.rar] Upload complete!
[Dropbox.test.part44.rar] Upload complete!
[Dropbox] Compression finished!
